# JRE version: Java(TM) SE Runtime Environment (8.0_05-b13) (build 1.8.0_05-b13)
# Java VM: Java HotSpot(TM) 64-Bit Server VM (25.5-b02 mixed mode windows-amd64 compressed oops)
Heap:
 PSYoungGen      total 70144K, used 33856K [0x000000076b500000, 0x0000000770a00000, 0x00000007c0000000)
  eden space 60928K, 41% used [0x000000076b500000,0x000000076cdb1500,0x000000076f080000)
  from space 9216K, 93% used [0x000000076fb00000,0x000000077035eea8,0x0000000770400000)
  to   space 10752K, 0% used [0x000000076f080000,0x000000076f080000,0x000000076fb00000)
 ParOldGen       total 20992K, used 14670K [0x00000006c1e00000, 0x00000006c3280000, 0x000000076b500000)
  object space 20992K, 69% used [0x00000006c1e00000,0x00000006c2c53b90,0x00000006c3280000)
 Metaspace       used 41994K, capacity 44877K, committed 44976K, reserved 1087488K
  class space    used 5742K, capacity 6283K, committed 6320K, reserved 1048576K
GC Heap History (10 events):
Event: 5.510 GC heap before
{Heap before GC invocations=19 (full 2):
 PSYoungGen      total 59904K, used 4588K [0x000000076b500000, 0x0000000770280000, 0x00000007c0000000)
  eden space 55296K, 0% used [0x000000076b500000,0x000000076b500000,0x000000076eb00000)
  from space 4608K, 99% used [0x000000076eb00000,0x000000076ef7b1b8,0x000000076ef80000)
  to   space 6656K, 0% used [0x000000076fc00000,0x000000076fc00000,0x0000000770280000)
 ParOldGen       total 10752K, used 10706K [0x00000006c1e00000, 0x00000006c2880000, 0x000000076b500000)
  object space 10752K, 99% used [0x00000006c1e00000,0x00000006c2874830,0x00000006c2880000)
 Metaspace       used 25481K, capacity 27051K, committed 27312K, reserved 1073152K
  class space    used 3399K, capacity 3684K, committed 3760K, reserved 1048576K
Event: 5.664 GC heap after
Heap after GC invocations=19 (full 2):
 PSYoungGen      total 59904K, used 2748K [0x000000076b500000, 0x0000000770280000, 0x00000007c0000000)
  eden space 55296K, 0% used [0x000000076b500000,0x000000076b500000,0x000000076eb00000)
  from space 4608K, 59% used [0x000000076eb00000,0x000000076edaf328,0x000000076ef80000)
  to   space 6656K, 0% used [0x000000076fc00000,0x000000076fc00000,0x0000000770280000)
 ParOldGen       total 14848K, used 10275K [0x00000006c1e00000, 0x00000006c2c80000, 0x000000076b500000)
  object space 14848K, 69% used [0x00000006c1e00000,0x00000006c2808c88,0x00000006c2c80000)
 Metaspace       used 25481K, capacity 27051K, committed 27312K, reserved 1073152K
  class space    used 3399K, capacity 3684K, committed 3760K, reserved 1048576K
}
Event: 6.450 GC heap before
{Heap before GC invocations=20 (full 2):
 PSYoungGen      total 59904K, used 58044K [0x000000076b500000, 0x0000000770280000, 0x00000007c0000000)
  eden space 55296K, 100% used [0x000000076b500000,0x000000076eb00000,0x000000076eb00000)
  from space 4608K, 59% used [0x000000076eb00000,0x000000076edaf328,0x000000076ef80000)
  to   space 6656K, 0% used [0x000000076fc00000,0x000000076fc00000,0x0000000770280000)
 ParOldGen       total 14848K, used 10275K [0x00000006c1e00000, 0x00000006c2c80000, 0x000000076b500000)
  object space 14848K, 69% used [0x00000006c1e00000,0x00000006c2808c88,0x00000006c2c80000)
 Metaspace       used 31115K, capacity 32909K, committed 33072K, reserved 1077248K
  class space    used 4202K, capacity 4540K, committed 4656K, reserved 1048576K
Event: 6.458 GC heap after
Heap after GC invocations=20 (full 2):
 PSYoungGen      total 66048K, used 6655K [0x000000076b500000, 0x0000000770280000, 0x00000007c0000000)
  eden space 59392K, 0% used [0x000000076b500000,0x000000076b500000,0x000000076ef00000)
  from space 6656K, 99% used [0x000000076fc00000,0x000000077027fe58,0x0000000770280000)
  to   space 8192K, 0% used [0x000000076f280000,0x000000076f280000,0x000000076fa80000)
 ParOldGen       total 14848K, used 12554K [0x00000006c1e00000, 0x00000006c2c80000, 0x000000076b500000)
  object space 14848K, 84% used [0x00000006c1e00000,0x00000006c2a42a28,0x00000006c2c80000)
 Metaspace       used 31115K, capacity 32909K, committed 33072K, reserved 1077248K
  class space    used 4202K, capacity 4540K, committed 4656K, reserved 1048576K
}
Event: 6.458 GC heap before
{Heap before GC invocations=21 (full 3):
 PSYoungGen      total 66048K, used 6655K [0x000000076b500000, 0x0000000770280000, 0x00000007c0000000)
  eden space 59392K, 0% used [0x000000076b500000,0x000000076b500000,0x000000076ef00000)
  from space 6656K, 99% used [0x000000076fc00000,0x000000077027fe58,0x0000000770280000)
  to   space 8192K, 0% used [0x000000076f280000,0x000000076f280000,0x000000076fa80000)
 ParOldGen       total 14848K, used 12554K [0x00000006c1e00000, 0x00000006c2c80000, 0x000000076b500000)
  object space 14848K, 84% used [0x00000006c1e00000,0x00000006c2a42a28,0x00000006c2c80000)
 Metaspace       used 31115K, capacity 32909K, committed 33072K, reserved 1077248K
  class space    used 4202K, capacity 4540K, committed 4656K, reserved 1048576K
Event: 6.560 GC heap after
Heap after GC invocations=21 (full 3):
 PSYoungGen      total 66048K, used 1431K [0x000000076b500000, 0x0000000770280000, 0x00000007c0000000)
  eden space 59392K, 0% used [0x000000076b500000,0x000000076b500000,0x000000076ef00000)
  from space 6656K, 21% used [0x000000076fc00000,0x000000076fd65f70,0x0000000770280000)
  to   space 8192K, 0% used [0x000000076f280000,0x000000076f280000,0x000000076fa80000)
 ParOldGen       total 20992K, used 14410K [0x00000006c1e00000, 0x00000006c3280000, 0x000000076b500000)
  object space 20992K, 68% used [0x00000006c1e00000,0x00000006c2c12a10,0x00000006c3280000)
 Metaspace       used 31115K, capacity 32909K, committed 33072K, reserved 1077248K
  class space    used 4202K, capacity 4540K, committed 4656K, reserved 1048576K
}
Event: 14.844 GC heap before
{Heap before GC invocations=22 (full 3):
 PSYoungGen      total 66048K, used 60823K [0x000000076b500000, 0x0000000770280000, 0x00000007c0000000)
  eden space 59392K, 100% used [0x000000076b500000,0x000000076ef00000,0x000000076ef00000)
  from space 6656K, 21% used [0x000000076fc00000,0x000000076fd65f70,0x0000000770280000)
  to   space 8192K, 0% used [0x000000076f280000,0x000000076f280000,0x000000076fa80000)
 ParOldGen       total 20992K, used 14410K [0x00000006c1e00000, 0x00000006c3280000, 0x000000076b500000)
  object space 20992K, 68% used [0x00000006c1e00000,0x00000006c2c12a10,0x00000006c3280000)
 Metaspace       used 36013K, capacity 38335K, committed 38704K, reserved 1083392K
  class space    used 4872K, capacity 5341K, committed 5424K, reserved 1048576K
Event: 14.856 GC heap after
Heap after GC invocations=22 (full 3):
 PSYoungGen      total 70656K, used 6609K [0x000000076b500000, 0x0000000770400000, 0x00000007c0000000)
  eden space 62464K, 0% used [0x000000076b500000,0x000000076b500000,0x000000076f200000)
  from space 8192K, 80% used [0x000000076f280000,0x000000076f8f4788,0x000000076fa80000)
  to   space 9216K, 0% used [0x000000076fb00000,0x000000076fb00000,0x0000000770400000)
 ParOldGen       total 20992K, used 14662K [0x00000006c1e00000, 0x00000006c3280000, 0x000000076b500000)
  object space 20992K, 69% used [0x00000006c1e00000,0x00000006c2c51b90,0x00000006c3280000)
 Metaspace       used 36013K, capacity 38335K, committed 38704K, reserved 1083392K
  class space    used 4872K, capacity 5341K, committed 5424K, reserved 1048576K
}
Event: 15.686 GC heap before
{Heap before GC invocations=23 (full 3):
 PSYoungGen      total 70656K, used 69073K [0x000000076b500000, 0x0000000770400000, 0x00000007c0000000)
  eden space 62464K, 100% used [0x000000076b500000,0x000000076f200000,0x000000076f200000)
  from space 8192K, 80% used [0x000000076f280000,0x000000076f8f4788,0x000000076fa80000)
  to   space 9216K, 0% used [0x000000076fb00000,0x000000076fb00000,0x0000000770400000)
 ParOldGen       total 20992K, used 14662K [0x00000006c1e00000, 0x00000006c3280000, 0x000000076b500000)
  object space 20992K, 69% used [0x00000006c1e00000,0x00000006c2c51b90,0x00000006c3280000)
 Metaspace       used 39761K, capacity 42511K, committed 42672K, reserved 1085440K
  class space    used 5459K, capacity 5992K, committed 6064K, reserved 1048576K
Event: 15.691 GC heap after
Heap after GC invocations=23 (full 3):
 PSYoungGen      total 70144K, used 8571K [0x000000076b500000, 0x0000000770a00000, 0x00000007c0000000)
  eden space 60928K, 0% used [0x000000076b500000,0x000000076b500000,0x000000076f080000)
  from space 9216K, 93% used [0x000000076fb00000,0x000000077035eea8,0x0000000770400000)
  to   space 10752K, 0% used [0x000000076f080000,0x000000076f080000,0x000000076fb00000)
 ParOldGen       total 20992K, used 14670K [0x00000006c1e00000, 0x00000006c3280000, 0x000000076b500000)
  object space 20992K, 69% used [0x00000006c1e00000,0x00000006c2c53b90,0x00000006c3280000)
 Metaspace       used 39761K, capacity 42511K, committed 42672K, reserved 1085440K
  class space    used 5459K, capacity 5992K, committed 6064K, reserved 1048576K
}

